# *** Summary *********************************************
#     qrun: Errors:   0, Warnings:   0
#     vlog: Errors:   0, Warnings:   0
#     vopt: Errors:   0, Warnings:   3
#   Totals: Errors:   0, Warnings:   3
# vsim -L work -L pmi_work -L ovi_ice40up -lib qrun.out/work -wlf vsim.wlf -gui -do "view wave" -do "add wave /*" -do "run 100 ns" -statslog qrun.out/stats_log qrun_opt -suppress vsim-7033,vsim-8630,3009,3389 -appendlog -l qrun.log 
# Start time: 22:40:11 on Sep 20,2025
# Loading sv_std.std
# Loading work.keyscanner_tb(fast)
# Loading work.keyscanner(fast)
# view wave
# .main_pane.wave.interior.cs.body.pw.wf
# add wave /*
# run 100 ns
# Causality operation skipped due to absence of debug database file
run -all
# FAILED!: First key press -- got currentpress=1d rowpressed=1 expected currentpress=06 rowpressed=00 at time 172.
# FAILED!: Second key press -- got currentpress=1b rowpressed=1 expected currentpress=0c rowpressed=06 at time 322.
# ** Note: $stop    : C:/Users/ccoggshall/Desktop/e155lab3/lab3_cc/source/impl_1/keyscanner_tb.sv(62)
#    Time: 572 ns  Iteration: 0  Instance: /keyscanner_tb
# Break in Module keyscanner_tb at C:/Users/ccoggshall/Desktop/e155lab3/lab3_cc/source/impl_1/keyscanner_tb.sv line 62
# End time: 22:45:09 on Sep 20,2025, Elapsed time: 0:04:58
# Errors: 0, Warnings: 0
# *** Summary *********************************************
#     qrun: Errors:   0, Warnings:   0
#     vlog: Errors:   0, Warnings:   0
#     vopt: Errors:   0, Warnings:   3
#   Totals: Errors:   0, Warnings:   3
# vsim -L work -L pmi_work -L ovi_ice40up -lib qrun.out/work -wlf vsim.wlf -gui -do "view wave" -do "add wave /*" -do "run 100 ns" -statslog qrun.out/stats_log qrun_opt -suppress vsim-7033,vsim-8630,3009,3389 -appendlog -l qrun.log 
# Start time: 14:08:25 on Sep 21,2025
# Loading sv_std.std
# Loading work.keyscanner_tb(fast)
# Loading work.keyscanner(fast)
# view wave
# .main_pane.wave.interior.cs.body.pw.wf
# add wave /*
# run 100 ns
# Causality operation skipped due to absence of debug database file
add wave -position insertpoint sim:/keyscanner_tb/dut/statetype/*
# ** UI-Msg (Warning): (vish-4014) No objects found matching '/keyscanner_tb/dut/statetype/*'.
add wave -position insertpoint sim:/keyscanner_tb/dut/statetype/*
# ** UI-Msg (Warning): (vish-4014) No objects found matching '/keyscanner_tb/dut/statetype/*'.
run -all
# FAILED!: First key press -- got currentpress=10 rowpressed=0 expected currentpress=06 rowpressed=00 at time 172.
# FAILED!: Second key press -- got currentpress=10 rowpressed=0 expected currentpress=0c rowpressed=06 at time 322.
# ** Note: $stop    : C:/Users/ccoggshall/Desktop/e155lab3/lab3_cc/source/impl_1/keyscanner_tb.sv(62)
#    Time: 572 ns  Iteration: 0  Instance: /keyscanner_tb
# Break in Module keyscanner_tb at C:/Users/ccoggshall/Desktop/e155lab3/lab3_cc/source/impl_1/keyscanner_tb.sv line 62
# Load canceled
# End time: 17:45:16 on Sep 21,2025, Elapsed time: 3:36:51
# Errors: 0, Warnings: 0
